\BOOKMARK [0][-]{chapter.1}{Introducci\363n}{}% 1
\BOOKMARK [1][-]{section.1.1}{Presentaci\363n}{chapter.1}% 2
\BOOKMARK [1][-]{section.1.2}{Organizaci\363n del contenido}{chapter.1}% 3
\BOOKMARK [1][-]{section.1.3}{Notaci\363n, s\355mbolos y convenciones utilizadas}{chapter.1}% 4
\BOOKMARK [0][-]{chapter.2}{Plan de Pruebas}{}% 5
\BOOKMARK [1][-]{section.2.1}{Objetivo de las Pruebas}{chapter.2}% 6
\BOOKMARK [2][-]{subsection.2.1.1}{Organigrama de la Empresa}{section.2.1}% 7
\BOOKMARK [2][-]{subsection.2.1.2}{Gerente de Ventas}{section.2.1}% 8
\BOOKMARK [2][-]{subsection.2.1.3}{Agente de Ventas}{section.2.1}% 9
\BOOKMARK [1][-]{section.2.2}{Alcance de las Pruebas}{chapter.2}% 10
\BOOKMARK [2][-]{subsection.2.2.1}{Base de Pruebas}{section.2.2}% 11
\BOOKMARK [2][-]{subsection.2.2.2}{Enfoque de Pruebas}{section.2.2}% 12
\BOOKMARK [2][-]{subsection.2.2.3}{Tiempo de Pruebas}{section.2.2}% 13
\BOOKMARK [2][-]{subsection.2.2.4}{Criterio de Salida}{section.2.2}% 14
\BOOKMARK [1][-]{section.2.3}{Pruebas a Realizar}{chapter.2}% 15
\BOOKMARK [2][-]{subsection.2.3.1}{Tipos de Pruebas}{section.2.3}% 16
\BOOKMARK [2][-]{subsection.2.3.2}{Niveles de Pruebas}{section.2.3}% 17
\BOOKMARK [2][-]{subsection.2.3.3}{Estrategias de Pruebas}{section.2.3}% 18
\BOOKMARK [2][-]{subsection.2.3.4}{Pruebas de Regresi\363n}{section.2.3}% 19
\BOOKMARK [2][-]{subsection.2.3.5}{Pruebas de Recarga}{section.2.3}% 20
\BOOKMARK [2][-]{subsection.2.3.6}{Pruebas de Estr\351s}{section.2.3}% 21
\BOOKMARK [1][-]{section.2.4}{Proceso de Pruebas}{chapter.2}% 22
